PRT1
88
209
4 0 41 (1024 0 272 ) (1024 0 544 ) (0 0 544 ) (0 0 272 ) 
4 0 20 (0 0 272 ) (0 0 544 ) (0 1024 544 ) (0 1024 272 ) 
4 0 2 (0 448 272 ) (0 1024 272 ) (456 1024 272 ) (456 448 272 ) 
4 0 1 (1024 0 272 ) (456 0 272 ) (456 1024 272 ) (1024 1024 272 ) 
4 1 42 (1024 0 256 ) (1024 0 272 ) (456 0 272 ) (456 0 256 ) 
4 1 3 (456 1024 256 ) (1024 1024 256 ) (1024 0 256 ) (456 0 256 ) 
4 1 2 (456 1024 256 ) (456 448 256 ) (456 448 272 ) (456 1024 272 ) 
4 2 21 (0 448 272 ) (0 1024 272 ) (0 1024 256 ) (0 448 256 ) 
4 2 12 (0 448 256 ) (0 1024 256 ) (44 1024 256 ) (44 448 256 ) 
4 2 9 (44 1024 256 ) (440 1024 256 ) (440 448 256 ) (44 448 256 ) 
4 2 6 (440 1024 256 ) (456 1024 256 ) (456 448 256 ) (440 448 256 ) 
4 3 46 (456 0 148.647095 ) (456 0 142.857147 ) (557.175171 0 64 ) (564.603821 0 64 ) 
5 3 45 (1024 0 64 ) (1024 0 256 ) (456 0 256 ) (456 0 148.647095 ) (564.603821 0 64 ) 
4 3 7 (456 36 108.785736 ) (456 0 142.857147 ) (456 0 222 ) (456 36 222 ) 
4 3 6 (456 1024 64 ) (456 448 64 ) (456 448 256 ) (456 1024 256 ) 
3 3 5 (456 39.996433 105 ) (456 83.317169 64 ) (508.603760 39.996433 64 ) 
4 3 4 (456 0 142.853745 ) (456 39.996433 105 ) (508.603760 39.996433 64 ) (557.170837 0 64 ) 
4 4 46 (456 0 142.857147 ) (456 0 105 ) (508.603760 0 64 ) (557.175171 0 64 ) 
4 4 7 (456 0 105 ) (456 0 142.857147 ) (456 36 108.785736 ) (456 36 105 ) 
4 4 5 (456 0 105 ) (456 39.994133 105 ) (508.603790 39.994129 64 ) (508.603790 0 64 ) 
3 5 47 (456 0 105 ) (456 0 64 ) (508.603760 0 64 ) 
4 5 8 (456 36 64 ) (456 0 64 ) (456 0 105 ) (456 36 105 ) 
4 6 9 (440 1024 64 ) (440 448 64 ) (440 448 256 ) (440 1024 256 ) 
4 7 48 (440 0 222 ) (440 0 105 ) (456 0 105 ) (456 0 222 ) 
4 7 11 (440 0 105 ) (440 0 222 ) (440 36 222 ) (440 36 105 ) 
4 7 8 (440 0 105 ) (440 36 105 ) (456 36 105 ) (456 0 105 ) 
4 8 49 (440 0 105 ) (440 0 64 ) (456 0 64 ) (456 0 105 ) 
4 8 11 (440 36 64 ) (440 0 64 ) (440 0 105 ) (440 36 105 ) 
4 9 13 (44 500.603821 64 ) (44 496.603882 64 ) (44 448 101.882408 ) (44 448 105 ) 
5 9 12 (44 1024 64 ) (44 500.603821 64 ) (44 448 105 ) (44 448 256 ) (44 1024 256 ) 
3 9 10 (92.604156 448 64 ) (44 448 101.882813 ) (44 496.604370 64 ) 
3 10 14 (44 496.603882 64 ) (44 448 64 ) (44 448 101.882408 ) 
4 11 51 (440 0 256 ) (44 0 256 ) (44 0 64 ) (440 0 64 ) 
4 11 16 (44 432 64 ) (44 0 64 ) (44 0 222 ) (44 432 222 ) 
4 11 15 (44 0 222 ) (44 0 256 ) (44 432 256 ) (44 432 222 ) 
5 12 23 (0 448 256 ) (0 1024 256 ) (0 1024 64 ) (0 500.603821 64 ) (0 448 105 ) 
4 12 17 (40 448 222 ) (0 448 222 ) (0 448 105 ) (40 448 105 ) 
4 12 16 (44 448 105 ) (44 448 222 ) (40 448 222 ) (40 448 105 ) 
4 12 14 (40 448 105 ) (0 448 105 ) (0 500.601563 64 ) (40.002247 500.601563 64 ) 
4 12 13 (44 448 105 ) (40 448 105 ) (40.002247 500.601563 64 ) (44 500.601563 64 ) 
3 13 16 (44 448 101.882401 ) (44 448 105 ) (40 448 105 ) 
4 13 14 (44 448 101.886719 ) (40.003906 448 105 ) (40.003906 500.603760 64 ) (44 496.609375 64 ) 
3 14 24 (0 500.603821 64 ) (0 448 64 ) (0 448 105 ) 
4 14 18 (0 448 64 ) (40 448 64 ) (40 448 105 ) (0 448 105 ) 
4 14 16 (40 448 64 ) (44 448 64 ) (44 448 101.882401 ) (40 448 105 ) 
4 15 51 (44 0 256 ) (0 0 256 ) (0 0 222 ) (44 0 222 ) 
4 15 35 (0 0 222 ) (0 0 256 ) (0 36 256 ) (0 36 222 ) 
4 15 31 (0 36 256 ) (0 432 256 ) (0 432 222 ) (0 36 222 ) 
4 15 19 (0 0 222 ) (0 432 222 ) (40 432 222 ) (40 0 222 ) 
4 15 16 (40 432 222 ) (44 432 222 ) (44 0 222 ) (40 0 222 ) 
4 16 51 (40 0 64 ) (44 0 64 ) (44 0 222 ) (40 0 222 ) 
4 16 18 (40 448 105 ) (40 448 64 ) (40 432 64 ) (40 432 105 ) 
4 16 17 (40 432 222 ) (40 448 222 ) (40 448 105 ) (40 432 105 ) 
4 16 19 (40 0 222 ) (40 432 222 ) (40 432 64 ) (40 0 64 ) 
4 17 25 (0 432 222 ) (0 448 222 ) (0 448 105 ) (0 432 105 ) 
4 17 19 (40 432 105 ) (40 432 222 ) (0 432 222 ) (0 432 105 ) 
4 17 18 (40 432 105 ) (0 432 105 ) (0 448 105 ) (40 448 105 ) 
4 18 26 (0 448 105 ) (0 448 64 ) (0 432 64 ) (0 432 105 ) 
4 18 19 (0 432 64 ) (40 432 64 ) (40 432 105 ) (0 432 105 ) 
4 19 51 (0 0 222 ) (0 0 64 ) (40 0 64 ) (40 0 222 ) 
4 19 36 (0 0 64 ) (0 0 222 ) (0 36 222 ) (0 36 64 ) 
4 19 31 (0 36 222 ) (0 432 222 ) (0 432 64 ) (0 36 64 ) 
4 20 65 (0 0 272 ) (0 0 544 ) (-1024 0 544 ) (-1024 0 272 ) 
4 20 21 (-464 448 272 ) (-464 1024 272 ) (0 1024 272 ) (0 448 272 ) 
4 20 22 (-464 0 272 ) (-1024 0 272 ) (-1024 1024 272 ) (-464 1024 272 ) 
4 21 27 (-464 1024 256 ) (-52 1024 256 ) (-52 448 256 ) (-464 448 256 ) 
4 21 23 (-52 1024 256 ) (0 1024 256 ) (0 448 256 ) (-52 448 256 ) 
4 21 22 (-464 1024 256 ) (-464 448 256 ) (-464 448 272 ) (-464 1024 272 ) 
4 22 66 (-464 0 272 ) (-1024 0 272 ) (-1024 0 256 ) (-464 0 256 ) 
4 22 39 (-464 36 256 ) (-464 0 256 ) (-1024 0 256 ) (-1024 36 256 ) 
4 22 32 (-464 432 256 ) (-464 36 256 ) (-1024 36 256 ) (-1024 432 256 ) 
4 22 30 (-464 448 256 ) (-464 432 256 ) (-1024 432 256 ) (-1024 448 256 ) 
4 22 27 (-1024 1024 256 ) (-464 1024 256 ) (-464 448 256 ) (-1024 448 256 ) 
5 23 27 (-52 1024 64 ) (-52 500.603821 64 ) (-52 448 105 ) (-52 448 256 ) (-52 1024 256 ) 
4 23 25 (-52 448 222 ) (-52 448 105 ) (0 448 105 ) (0 448 222 ) 
4 23 24 (0 448 105 ) (-52 448 105 ) (-52 500.603760 64 ) (0 500.603760 64 ) 
3 24 29 (-52 500.603821 64 ) (-52 448 64 ) (-52 448 105 ) 
4 24 26 (-52 448 105 ) (-52 448 64 ) (0 448 64 ) (0 448 105 ) 
4 25 31 (0 432 105 ) (0 432 222 ) (-52 432 222 ) (-52 432 105 ) 
4 25 26 (0 432 105 ) (-52 432 105 ) (-52 448 105 ) (0 448 105 ) 
4 26 31 (-52 432 64 ) (0 432 64 ) (0 432 105 ) (-52 432 105 ) 
4 27 30 (-464 448 256 ) (-1024 448 256 ) (-1024 448 105 ) (-464 448 105 ) 
4 27 29 (-52 448 105 ) (-56 448 105 ) (-56.001709 500.601563 64 ) (-52 500.601563 64 ) 
4 27 28 (-56 448 105 ) (-1024 448 105 ) (-1024 500.601593 64 ) (-56.001709 500.601563 64 ) 
4 28 30 (-1024 448 64 ) (-464 448 64 ) (-464 448 105 ) (-1024 448 105 ) 
3 28 29 (-55.996094 500.601563 64 ) (-55.996094 448 105 ) (-99.316864 448 64 ) 
4 30 32 (-1024 432 64 ) (-464 432 64 ) (-464 432 256 ) (-1024 432 256 ) 
4 31 36 (-448 36 64 ) (0 36 64 ) (0 36 222 ) (-448 36 222 ) 
4 31 35 (0 36 222 ) (0 36 256 ) (-448 36 256 ) (-448 36 222 ) 
5 32 39 (-1024 36 64 ) (-521.460938 36 64 ) (-464 36 108.785744 ) (-464 36 256 ) (-1024 36 256 ) 
3 32 34 (-464 83.320251 64 ) (-464 40 105 ) (-516.603760 40 64 ) 
4 32 33 (-464 40 105 ) (-464 36 108.785156 ) (-521.460205 36 64 ) (-516.603760 40 64 ) 
4 33 39 (-521.460938 36 64 ) (-516.603760 36 64 ) (-464 36 105 ) (-464 36 108.785744 ) 
4 33 34 (-516.605469 39.996094 64 ) (-464 39.996094 105 ) (-464 36 105 ) (-516.603760 36 64 ) 
3 34 40 (-516.603760 36 64 ) (-464 36 64 ) (-464 36 105 ) 
4 35 69 (0 0 222 ) (0 0 256 ) (-448 0 256 ) (-448 0 222 ) 
4 35 36 (-448 36 222 ) (0 36 222 ) (0 0 222 ) (-448 0 222 ) 
4 36 69 (0 0 64 ) (0 0 222 ) (-448 0 222 ) (-448 0 64 ) 
4 36 38 (-448 36 105 ) (-448 36 64 ) (-448 0 64 ) (-448 0 105 ) 
4 36 37 (-448 0 222 ) (-448 36 222 ) (-448 36 105 ) (-448 0 105 ) 
4 37 70 (-448 0 222 ) (-464 0 222 ) (-464 0 105 ) (-448 0 105 ) 
4 37 39 (-464 36 222 ) (-464 36 105 ) (-464 0 105 ) (-464 0 222 ) 
4 37 38 (-464 0 105 ) (-464 36 105 ) (-448 36 105 ) (-448 0 105 ) 
4 38 71 (-464 0 105 ) (-464 0 64 ) (-448 0 64 ) (-448 0 105 ) 
4 38 40 (-464 36 105 ) (-464 36 64 ) (-464 0 64 ) (-464 0 105 ) 
4 39 83 (-572.603760 0 64 ) (-516.603821 0 64 ) (-464 0 105 ) (-464 0 148.647049 ) 
5 39 82 (-464 0 256 ) (-1024 0 256 ) (-1024 0 64 ) (-572.603760 0 64 ) (-464 0 148.647049 ) 
4 39 40 (-516.605469 0 64 ) (-516.605469 36 64 ) (-464 36 105 ) (-464 0 105 ) 
3 40 84 (-516.603821 0 64 ) (-464 0 64 ) (-464 0 105 ) 
4 41 65 (0 0 544 ) (0 0 272 ) (0 -1024 272 ) (0 -1024 544 ) 
4 41 61 (1024 -1024 272 ) (1024 -1024 544 ) (0 -1024 544 ) (0 -1024 272 ) 
4 41 44 (0 -1024 272 ) (0 -725 272 ) (128 -725 272 ) (128 -1024 272 ) 
4 41 43 (128 -472 272 ) (1024 -472 272 ) (1024 -1024 272 ) (128 -1024 272 ) 
4 41 42 (456 0 272 ) (1024 0 272 ) (1024 -472 272 ) (456 -472 272 ) 
4 42 45 (456 0 256 ) (1024 0 256 ) (1024 -472 256 ) (456 -472 256 ) 
4 42 43 (456 -472 256 ) (1024 -472 256 ) (1024 -472 272 ) (456 -472 272 ) 
4 43 61 (1024 -1024 256 ) (1024 -1024 272 ) (128 -1024 272 ) (128 -1024 256 ) 
4 43 58 (456 -1024 256 ) (128 -1024 256 ) (128 -709 256 ) (456 -709 256 ) 
4 43 53 (128 -709 256 ) (128 -472 256 ) (456 -472 256 ) (456 -709 256 ) 
4 43 45 (1024 -1024 256 ) (456 -1024 256 ) (456 -472 256 ) (1024 -472 256 ) 
4 43 44 (128 -725 256 ) (128 -1024 256 ) (128 -1024 272 ) (128 -725 272 ) 
4 44 67 (0 -725 256 ) (0 -1024 256 ) (0 -1024 272 ) (0 -725 272 ) 
4 44 61 (128 -1024 272 ) (0 -1024 272 ) (0 -1024 256 ) (128 -1024 256 ) 
4 44 59 (128 -1024 256 ) (0 -1024 256 ) (0 -725 256 ) (128 -725 256 ) 
4 45 61 (1024 -1024 64 ) (1024 -1024 256 ) (456 -1024 256 ) (456 -1024 64 ) 
4 45 58 (456 -709 64 ) (456 -1024 64 ) (456 -1024 256 ) (456 -709 256 ) 
4 45 53 (456 -472 64 ) (456 -709 64 ) (456 -709 256 ) (456 -472 256 ) 
4 45 48 (456 0 222 ) (456 0 148.647110 ) (456 -56 105 ) (456 -56 222 ) 
4 45 50 (456 -56 105 ) (456 -60 101.882401 ) (456 -60 222 ) (456 -56 222 ) 
3 45 47 (508.603729 -56.001736 64 ) (456 -108.605469 64 ) (456 -56.001713 105 ) 
4 45 46 (564.605469 0 64 ) (508.603729 -56.001736 64 ) (456 -56.001713 105 ) (456 0 148.648376 ) 
3 46 48 (456 -56 105 ) (456 0 148.647110 ) (456 0 105 ) 
4 46 47 (508.605469 -55.997990 64 ) (456 -55.998001 105 ) (456 0 105 ) (508.605469 0 64 ) 
4 47 49 (456 0 64 ) (456 -56 64 ) (456 -56 105 ) (456 0 105 ) 
4 47 50 (456 -56 64 ) (456 -60 64 ) (456 -60 101.882401 ) (456 -56 105 ) 
4 48 50 (456 -56 105 ) (456 -56 222 ) (440 -56 222 ) (440 -56 105 ) 
4 48 51 (440 -56 105 ) (440 -56 222 ) (440 0 222 ) (440 0 105 ) 
4 48 49 (456 -56 105 ) (440 -56 105 ) (440 0 105 ) (456 0 105 ) 
4 49 50 (456 -56 64 ) (456 -56 105 ) (440 -56 105 ) (440 -56 64 ) 
4 49 51 (440 0 64 ) (440 -56 64 ) (440 -56 105 ) (440 0 105 ) 
4 50 51 (440 -56 64 ) (440 -60 64 ) (440 -60 222 ) (440 -56 222 ) 
4 51 73 (0 -60 64 ) (0 -456 64 ) (0 -456 256 ) (0 -60 256 ) 
4 51 69 (0 0 256 ) (0 0 64 ) (0 -60 64 ) (0 -60 256 ) 
4 51 52 (0 -456 64 ) (44 -456 64 ) (44 -456 222 ) (0 -456 222 ) 
4 52 74 (0 -456 64 ) (0 -472 64 ) (0 -472 222 ) (0 -456 222 ) 
4 52 55 (0 -472 64 ) (44 -472 64 ) (44 -472 222 ) (0 -472 222 ) 
4 53 58 (128 -709 64 ) (456 -709 64 ) (456 -709 256 ) (128 -709 256 ) 
4 54 56 (71 -697 65 ) (71 -697 256 ) (71 -653 256 ) (71 -653 65 ) 
4 54 55 (71 -472 256 ) (71 -472 64 ) (71 -653 64 ) (71 -653 256 ) 
4 54 57 (71 -697 64 ) (71 -709 64 ) (71 -709 256 ) (71 -697 256 ) 
4 55 75 (0 -472 64 ) (0 -653 64 ) (0 -653 256 ) (0 -472 256 ) 
4 55 56 (71 -653 65 ) (71 -653 256 ) (0 -653 256 ) (0 -653 65 ) 
4 56 76 (0 -697 65 ) (0 -697 256 ) (0 -653 256 ) (0 -653 65 ) 
4 56 57 (71 -697 65 ) (71 -697 256 ) (0 -697 256 ) (0 -697 65 ) 
4 57 77 (0 -697 64 ) (0 -709 64 ) (0 -709 256 ) (0 -697 256 ) 
4 58 61 (456 -1024 256 ) (128 -1024 256 ) (128 -1024 64 ) (456 -1024 64 ) 
4 58 59 (128 -725 64 ) (128 -1024 64 ) (128 -1024 256 ) (128 -725 256 ) 
4 59 80 (0 -725 64 ) (0 -1024 64 ) (0 -1024 256 ) (0 -725 256 ) 
4 59 61 (128 -1024 256 ) (0 -1024 256 ) (0 -1024 64 ) (128 -1024 64 ) 
4 60 63 (1056 -2048 -32 ) (1056 -2048 192 ) (1024 -2048 192 ) (1024 -2048 -32 ) 
4 60 62 (1024 -2048 -32 ) (1024 -2048 192 ) (1024 -1312 192 ) (1024 -1312 -32 ) 
4 61 85 (0 -1088 64 ) (0 -1088 544 ) (0 -1024 544 ) (0 -1024 64 ) 
4 62 86 (0 -2048 -32 ) (0 -2048 192 ) (0 -1312 192 ) (0 -1312 -32 ) 
4 62 64 (1024 -2048 -32 ) (1024 -2048 192 ) (0 -2048 192 ) (0 -2048 -32 ) 
4 63 64 (1024 -2048 192 ) (1024 -2048 -32 ) (1024 -2080 -32 ) (1024 -2080 192 ) 
4 64 87 (0 -2080 -32 ) (0 -2080 192 ) (0 -2048 192 ) (0 -2048 -32 ) 
4 65 85 (0 -1024 272 ) (0 -1024 544 ) (-1024 -1024 544 ) (-1024 -1024 272 ) 
4 65 67 (0 -1024 272 ) (-128 -1024 272 ) (-128 -725 272 ) (0 -725 272 ) 
4 65 68 (-128 -1024 272 ) (-1024 -1024 272 ) (-1024 -472 272 ) (-128 -472 272 ) 
4 65 66 (-1024 -472 272 ) (-1024 0 272 ) (-464 0 272 ) (-464 -472 272 ) 
4 66 82 (-1024 -472 256 ) (-1024 0 256 ) (-464 0 256 ) (-464 -472 256 ) 
4 66 68 (-1024 -472 256 ) (-464 -472 256 ) (-464 -472 272 ) (-1024 -472 272 ) 
4 67 85 (0 -1024 256 ) (0 -1024 272 ) (-128 -1024 272 ) (-128 -1024 256 ) 
4 67 80 (0 -725 256 ) (0 -1024 256 ) (-128 -1024 256 ) (-128 -725 256 ) 
4 67 68 (-128 -725 256 ) (-128 -1024 256 ) (-128 -1024 272 ) (-128 -725 272 ) 
4 68 85 (-128 -1024 272 ) (-1024 -1024 272 ) (-1024 -1024 256 ) (-128 -1024 256 ) 
4 68 82 (-1024 -1024 256 ) (-1024 -472 256 ) (-464 -472 256 ) (-464 -1024 256 ) 
4 68 81 (-128 -709 256 ) (-128 -1024 256 ) (-464 -1024 256 ) (-464 -709 256 ) 
4 68 79 (-464 -472 256 ) (-128 -472 256 ) (-128 -709 256 ) (-464 -709 256 ) 
4 69 73 (-448 -60 64 ) (0 -60 64 ) (0 -60 256 ) (-448 -60 256 ) 
4 69 71 (-448 0 64 ) (-448 -56 64 ) (-448 -56 105 ) (-448 0 105 ) 
4 69 70 (-448 -56 105 ) (-448 -56 222 ) (-448 0 222 ) (-448 0 105 ) 
4 69 72 (-448 -56 64 ) (-448 -60 64 ) (-448 -60 222 ) (-448 -56 222 ) 
3 70 83 (-464 -56 105 ) (-464 0 148.647034 ) (-464 0 105 ) 
4 70 82 (-464 -56 105 ) (-464 -56 222 ) (-464 0 222 ) (-464 0 148.647034 ) 
4 70 72 (-448 -56 105 ) (-448 -56 222 ) (-464 -56 222 ) (-464 -56 105 ) 
4 70 71 (-448 -56 105 ) (-464 -56 105 ) (-464 0 105 ) (-448 0 105 ) 
4 71 84 (-464 0 64 ) (-464 -56 64 ) (-464 -56 105 ) (-464 0 105 ) 
4 71 72 (-448 -56 64 ) (-448 -56 105 ) (-464 -56 105 ) (-464 -56 64 ) 
4 72 84 (-464 -56 64 ) (-464 -60 64 ) (-464 -60 101.882324 ) (-464 -56 105 ) 
4 72 82 (-464 -60 101.882324 ) (-464 -60 222 ) (-464 -56 222 ) (-464 -56 105 ) 
4 73 74 (-52 -456 64 ) (0 -456 64 ) (0 -456 222 ) (-52 -456 222 ) 
4 74 75 (-52 -472 64 ) (0 -472 64 ) (0 -472 222 ) (-52 -472 222 ) 
4 75 76 (-72 -653 256 ) (-72 -653 65 ) (0 -653 65 ) (0 -653 256 ) 
4 75 78 (-72 -472 256 ) (-72 -472 64 ) (-72 -653 64 ) (-72 -653 256 ) 
4 76 78 (-72 -697 65 ) (-72 -697 256 ) (-72 -653 256 ) (-72 -653 65 ) 
4 76 77 (-72 -697 256 ) (-72 -697 65 ) (0 -697 65 ) (0 -697 256 ) 
4 77 78 (-72 -697 64 ) (-72 -709 64 ) (-72 -709 256 ) (-72 -697 256 ) 
4 79 82 (-464 -472 64 ) (-464 -709 64 ) (-464 -709 256 ) (-464 -472 256 ) 
4 79 81 (-464 -709 256 ) (-464 -709 64 ) (-128 -709 64 ) (-128 -709 256 ) 
4 80 85 (0 -1024 64 ) (0 -1024 256 ) (-128 -1024 256 ) (-128 -1024 64 ) 
4 80 81 (-128 -725 64 ) (-128 -1024 64 ) (-128 -1024 256 ) (-128 -725 256 ) 
4 81 85 (-128 -1024 256 ) (-464 -1024 256 ) (-464 -1024 64 ) (-128 -1024 64 ) 
4 81 82 (-464 -709 64 ) (-464 -1024 64 ) (-464 -1024 256 ) (-464 -709 256 ) 
4 82 85 (-464 -1024 256 ) (-1024 -1024 256 ) (-1024 -1024 64 ) (-464 -1024 64 ) 
3 82 84 (-464 -55.997719 105 ) (-464 -108.601563 64 ) (-516.603760 -55.997772 64 ) 
4 82 83 (-464 0 148.645264 ) (-464 -55.997719 105 ) (-516.603760 -55.997772 64 ) (-572.601563 0 64 ) 
4 83 84 (-464 -56 105 ) (-516.603760 -56 64 ) (-516.603760 0 64 ) (-464 0 105 ) 
4 86 87 (0 -2048 -32 ) (0 -2048 192 ) (-32 -2048 192 ) (-32 -2048 -32 ) 
